C:\AD\TRABALHO\SVN\INTERFACE\INTERFACE_AD\DEBUG\INTERFACE_FORM.EXE
C:\AD\TRABALHO\SVN\INTERFACE\INTERFACE_AD\DEBUG\INTERFACE_FORM.ILK
C:\AD\TRABALHO\SVN\INTERFACE\INTERFACE_AD\DEBUG\INTERFACE_FORM.PDB
C:\AD\TRABALHO\SVN\INTERFACE\INTERFACE_AD\INTERFACE_FORM\DEBUG\.NETFRAMEWORK,VERSION=V4.0.ASSEMBLYATTRIBUTES.OBJ
C:\AD\TRABALHO\SVN\INTERFACE\INTERFACE_AD\INTERFACE_FORM\DEBUG\APP.RES
C:\AD\TRABALHO\SVN\INTERFACE\INTERFACE_AD\INTERFACE_FORM\DEBUG\ASSEMBLYINFO.OBJ
C:\AD\Trabalho\svn\interface\interface_ad\interface_form\Debug\cl.command.1.tlog
C:\AD\Trabalho\svn\interface\interface_ad\interface_form\Debug\CL.read.1.tlog
C:\AD\Trabalho\svn\interface\interface_ad\interface_form\Debug\CL.write.1.tlog
C:\AD\Trabalho\svn\interface\interface_ad\interface_form\Debug\GenerateResource.read.1.tlog
C:\AD\Trabalho\svn\interface\interface_ad\interface_form\Debug\GenerateResource.read.6.tlog
C:\AD\Trabalho\svn\interface\interface_ad\interface_form\Debug\GenerateResource.write.1.tlog
C:\AD\Trabalho\svn\interface\interface_ad\interface_form\Debug\GenerateResource.write.6.tlog
C:\AD\TRABALHO\SVN\INTERFACE\INTERFACE_AD\INTERFACE_FORM\DEBUG\INTERFACE_FORM.EXE.INTERMEDIATE.MANIFEST
C:\AD\TRABALHO\SVN\INTERFACE\INTERFACE_AD\INTERFACE_FORM\DEBUG\INTERFACE_FORM.FORM1.RESOURCES
C:\AD\TRABALHO\SVN\INTERFACE\INTERFACE_AD\INTERFACE_FORM\DEBUG\INTERFACE_FORM.OBJ
C:\AD\TRABALHO\SVN\INTERFACE\INTERFACE_AD\INTERFACE_FORM\DEBUG\INTERFACE_FORM.PCH
C:\AD\Trabalho\svn\interface\interface_ad\interface_form\Debug\interface_form.write.1.tlog
C:\AD\Trabalho\svn\interface\interface_ad\interface_form\Debug\link.1296.read.1.tlog
C:\AD\Trabalho\svn\interface\interface_ad\interface_form\Debug\link.1296.write.1.tlog
C:\AD\Trabalho\svn\interface\interface_ad\interface_form\Debug\link.1296-cvtres.read.1.tlog
C:\AD\Trabalho\svn\interface\interface_ad\interface_form\Debug\link.1296-cvtres.write.1.tlog
C:\AD\Trabalho\svn\interface\interface_ad\interface_form\Debug\link.2932.read.1.tlog
C:\AD\Trabalho\svn\interface\interface_ad\interface_form\Debug\link.2932.write.1.tlog
C:\AD\Trabalho\svn\interface\interface_ad\interface_form\Debug\link.2932-cvtres.read.1.tlog
C:\AD\Trabalho\svn\interface\interface_ad\interface_form\Debug\link.2932-cvtres.write.1.tlog
C:\AD\Trabalho\svn\interface\interface_ad\interface_form\Debug\link.3228.read.1.tlog
C:\AD\Trabalho\svn\interface\interface_ad\interface_form\Debug\link.3228.write.1.tlog
C:\AD\Trabalho\svn\interface\interface_ad\interface_form\Debug\link.3228-cvtres.read.1.tlog
C:\AD\Trabalho\svn\interface\interface_ad\interface_form\Debug\link.3228-cvtres.write.1.tlog
C:\AD\Trabalho\svn\interface\interface_ad\interface_form\Debug\link.3236.read.1.tlog
C:\AD\Trabalho\svn\interface\interface_ad\interface_form\Debug\link.3236.write.1.tlog
C:\AD\Trabalho\svn\interface\interface_ad\interface_form\Debug\link.3236-cvtres.read.1.tlog
C:\AD\Trabalho\svn\interface\interface_ad\interface_form\Debug\link.3236-cvtres.write.1.tlog
C:\AD\Trabalho\svn\interface\interface_ad\interface_form\Debug\link.3896.read.1.tlog
C:\AD\Trabalho\svn\interface\interface_ad\interface_form\Debug\link.3896.write.1.tlog
C:\AD\Trabalho\svn\interface\interface_ad\interface_form\Debug\link.3896-cvtres.read.1.tlog
C:\AD\Trabalho\svn\interface\interface_ad\interface_form\Debug\link.3896-cvtres.write.1.tlog
C:\AD\Trabalho\svn\interface\interface_ad\interface_form\Debug\link.3908.read.1.tlog
C:\AD\Trabalho\svn\interface\interface_ad\interface_form\Debug\link.3908.write.1.tlog
C:\AD\Trabalho\svn\interface\interface_ad\interface_form\Debug\link.3908-cvtres.read.1.tlog
C:\AD\Trabalho\svn\interface\interface_ad\interface_form\Debug\link.3908-cvtres.write.1.tlog
C:\AD\Trabalho\svn\interface\interface_ad\interface_form\Debug\link.3912.read.1.tlog
C:\AD\Trabalho\svn\interface\interface_ad\interface_form\Debug\link.3912.write.1.tlog
C:\AD\Trabalho\svn\interface\interface_ad\interface_form\Debug\link.3912-cvtres.read.1.tlog
C:\AD\Trabalho\svn\interface\interface_ad\interface_form\Debug\link.3912-cvtres.write.1.tlog
C:\AD\Trabalho\svn\interface\interface_ad\interface_form\Debug\link.4016.read.1.tlog
C:\AD\Trabalho\svn\interface\interface_ad\interface_form\Debug\link.4016.write.1.tlog
C:\AD\Trabalho\svn\interface\interface_ad\interface_form\Debug\link.4016-cvtres.read.1.tlog
C:\AD\Trabalho\svn\interface\interface_ad\interface_form\Debug\link.4016-cvtres.write.1.tlog
C:\AD\Trabalho\svn\interface\interface_ad\interface_form\Debug\link.4056.read.1.tlog
C:\AD\Trabalho\svn\interface\interface_ad\interface_form\Debug\link.4056.write.1.tlog
C:\AD\Trabalho\svn\interface\interface_ad\interface_form\Debug\link.4056-cvtres.read.1.tlog
C:\AD\Trabalho\svn\interface\interface_ad\interface_form\Debug\link.4056-cvtres.write.1.tlog
C:\AD\Trabalho\svn\interface\interface_ad\interface_form\Debug\link.5052.read.1.tlog
C:\AD\Trabalho\svn\interface\interface_ad\interface_form\Debug\link.5052.write.1.tlog
C:\AD\Trabalho\svn\interface\interface_ad\interface_form\Debug\link.5052-cvtres.read.1.tlog
C:\AD\Trabalho\svn\interface\interface_ad\interface_form\Debug\link.5052-cvtres.write.1.tlog
C:\AD\Trabalho\svn\interface\interface_ad\interface_form\Debug\link.5088.read.1.tlog
C:\AD\Trabalho\svn\interface\interface_ad\interface_form\Debug\link.5088.write.1.tlog
C:\AD\Trabalho\svn\interface\interface_ad\interface_form\Debug\link.5088-cvtres.read.1.tlog
C:\AD\Trabalho\svn\interface\interface_ad\interface_form\Debug\link.5088-cvtres.write.1.tlog
C:\AD\Trabalho\svn\interface\interface_ad\interface_form\Debug\link.5144.read.1.tlog
C:\AD\Trabalho\svn\interface\interface_ad\interface_form\Debug\link.5144.write.1.tlog
C:\AD\Trabalho\svn\interface\interface_ad\interface_form\Debug\link.5144-cvtres.read.1.tlog
C:\AD\Trabalho\svn\interface\interface_ad\interface_form\Debug\link.5144-cvtres.write.1.tlog
C:\AD\Trabalho\svn\interface\interface_ad\interface_form\Debug\link.5228.read.1.tlog
C:\AD\Trabalho\svn\interface\interface_ad\interface_form\Debug\link.5228.write.1.tlog
C:\AD\Trabalho\svn\interface\interface_ad\interface_form\Debug\link.5228-cvtres.read.1.tlog
C:\AD\Trabalho\svn\interface\interface_ad\interface_form\Debug\link.5228-cvtres.write.1.tlog
C:\AD\Trabalho\svn\interface\interface_ad\interface_form\Debug\link.5268.read.1.tlog
C:\AD\Trabalho\svn\interface\interface_ad\interface_form\Debug\link.5268.write.1.tlog
C:\AD\Trabalho\svn\interface\interface_ad\interface_form\Debug\link.5268-cvtres.read.1.tlog
C:\AD\Trabalho\svn\interface\interface_ad\interface_form\Debug\link.5268-cvtres.write.1.tlog
C:\AD\Trabalho\svn\interface\interface_ad\interface_form\Debug\link.5300.read.1.tlog
C:\AD\Trabalho\svn\interface\interface_ad\interface_form\Debug\link.5300.write.1.tlog
C:\AD\Trabalho\svn\interface\interface_ad\interface_form\Debug\link.5300-cvtres.read.1.tlog
C:\AD\Trabalho\svn\interface\interface_ad\interface_form\Debug\link.5300-cvtres.write.1.tlog
C:\AD\Trabalho\svn\interface\interface_ad\interface_form\Debug\link.5344.read.1.tlog
C:\AD\Trabalho\svn\interface\interface_ad\interface_form\Debug\link.5344.write.1.tlog
C:\AD\Trabalho\svn\interface\interface_ad\interface_form\Debug\link.5344-cvtres.read.1.tlog
C:\AD\Trabalho\svn\interface\interface_ad\interface_form\Debug\link.5344-cvtres.write.1.tlog
C:\AD\Trabalho\svn\interface\interface_ad\interface_form\Debug\link.5440.read.1.tlog
C:\AD\Trabalho\svn\interface\interface_ad\interface_form\Debug\link.5440.write.1.tlog
C:\AD\Trabalho\svn\interface\interface_ad\interface_form\Debug\link.5440-cvtres.read.1.tlog
C:\AD\Trabalho\svn\interface\interface_ad\interface_form\Debug\link.5440-cvtres.write.1.tlog
C:\AD\Trabalho\svn\interface\interface_ad\interface_form\Debug\link.5544.read.1.tlog
C:\AD\Trabalho\svn\interface\interface_ad\interface_form\Debug\link.5544.write.1.tlog
C:\AD\Trabalho\svn\interface\interface_ad\interface_form\Debug\link.5544-cvtres.read.1.tlog
C:\AD\Trabalho\svn\interface\interface_ad\interface_form\Debug\link.5544-cvtres.write.1.tlog
C:\AD\Trabalho\svn\interface\interface_ad\interface_form\Debug\link.5580.read.1.tlog
C:\AD\Trabalho\svn\interface\interface_ad\interface_form\Debug\link.5580.write.1.tlog
C:\AD\Trabalho\svn\interface\interface_ad\interface_form\Debug\link.5580-cvtres.read.1.tlog
C:\AD\Trabalho\svn\interface\interface_ad\interface_form\Debug\link.5580-cvtres.write.1.tlog
C:\AD\Trabalho\svn\interface\interface_ad\interface_form\Debug\link.5652.read.1.tlog
C:\AD\Trabalho\svn\interface\interface_ad\interface_form\Debug\link.5652.write.1.tlog
C:\AD\Trabalho\svn\interface\interface_ad\interface_form\Debug\link.5652-cvtres.read.1.tlog
C:\AD\Trabalho\svn\interface\interface_ad\interface_form\Debug\link.5652-cvtres.write.1.tlog
C:\AD\Trabalho\svn\interface\interface_ad\interface_form\Debug\link.5680.read.1.tlog
C:\AD\Trabalho\svn\interface\interface_ad\interface_form\Debug\link.5680.write.1.tlog
C:\AD\Trabalho\svn\interface\interface_ad\interface_form\Debug\link.5680-cvtres.read.1.tlog
C:\AD\Trabalho\svn\interface\interface_ad\interface_form\Debug\link.5680-cvtres.write.1.tlog
C:\AD\Trabalho\svn\interface\interface_ad\interface_form\Debug\link.5692.read.1.tlog
C:\AD\Trabalho\svn\interface\interface_ad\interface_form\Debug\link.5692.write.1.tlog
C:\AD\Trabalho\svn\interface\interface_ad\interface_form\Debug\link.5692-cvtres.read.1.tlog
C:\AD\Trabalho\svn\interface\interface_ad\interface_form\Debug\link.5692-cvtres.write.1.tlog
C:\AD\Trabalho\svn\interface\interface_ad\interface_form\Debug\link.5768.read.1.tlog
C:\AD\Trabalho\svn\interface\interface_ad\interface_form\Debug\link.5768.write.1.tlog
C:\AD\Trabalho\svn\interface\interface_ad\interface_form\Debug\link.5768-cvtres.read.1.tlog
C:\AD\Trabalho\svn\interface\interface_ad\interface_form\Debug\link.5768-cvtres.write.1.tlog
C:\AD\Trabalho\svn\interface\interface_ad\interface_form\Debug\link.5852.read.1.tlog
C:\AD\Trabalho\svn\interface\interface_ad\interface_form\Debug\link.5852.write.1.tlog
C:\AD\Trabalho\svn\interface\interface_ad\interface_form\Debug\link.5852-cvtres.read.1.tlog
C:\AD\Trabalho\svn\interface\interface_ad\interface_form\Debug\link.5852-cvtres.write.1.tlog
C:\AD\Trabalho\svn\interface\interface_ad\interface_form\Debug\link.5872.read.1.tlog
C:\AD\Trabalho\svn\interface\interface_ad\interface_form\Debug\link.5872.write.1.tlog
C:\AD\Trabalho\svn\interface\interface_ad\interface_form\Debug\link.5872-cvtres.read.1.tlog
C:\AD\Trabalho\svn\interface\interface_ad\interface_form\Debug\link.5872-cvtres.write.1.tlog
C:\AD\Trabalho\svn\interface\interface_ad\interface_form\Debug\link.6012.read.1.tlog
C:\AD\Trabalho\svn\interface\interface_ad\interface_form\Debug\link.6012.write.1.tlog
C:\AD\Trabalho\svn\interface\interface_ad\interface_form\Debug\link.6012-cvtres.read.1.tlog
C:\AD\Trabalho\svn\interface\interface_ad\interface_form\Debug\link.6012-cvtres.write.1.tlog
C:\AD\Trabalho\svn\interface\interface_ad\interface_form\Debug\link.6024.read.1.tlog
C:\AD\Trabalho\svn\interface\interface_ad\interface_form\Debug\link.6024.write.1.tlog
C:\AD\Trabalho\svn\interface\interface_ad\interface_form\Debug\link.6024-cvtres.read.1.tlog
C:\AD\Trabalho\svn\interface\interface_ad\interface_form\Debug\link.6024-cvtres.write.1.tlog
C:\AD\Trabalho\svn\interface\interface_ad\interface_form\Debug\link.6028.read.1.tlog
C:\AD\Trabalho\svn\interface\interface_ad\interface_form\Debug\link.6028.write.1.tlog
C:\AD\Trabalho\svn\interface\interface_ad\interface_form\Debug\link.6028-cvtres.read.1.tlog
C:\AD\Trabalho\svn\interface\interface_ad\interface_form\Debug\link.6028-cvtres.write.1.tlog
C:\AD\Trabalho\svn\interface\interface_ad\interface_form\Debug\link.command.1.tlog
C:\AD\Trabalho\svn\interface\interface_ad\interface_form\Debug\link.read.1.tlog
C:\AD\Trabalho\svn\interface\interface_ad\interface_form\Debug\link.write.1.tlog
C:\AD\Trabalho\svn\interface\interface_ad\interface_form\Debug\mt.command.1.tlog
C:\AD\Trabalho\svn\interface\interface_ad\interface_form\Debug\mt.read.1.tlog
C:\AD\Trabalho\svn\interface\interface_ad\interface_form\Debug\mt.write.1.tlog
C:\AD\Trabalho\svn\interface\interface_ad\interface_form\Debug\rc.command.1.tlog
C:\AD\Trabalho\svn\interface\interface_ad\interface_form\Debug\rc.read.1.tlog
C:\AD\Trabalho\svn\interface\interface_ad\interface_form\Debug\rc.write.1.tlog
C:\AD\Trabalho\svn\interface\interface_ad\interface_form\Debug\ResolveAssemblyReference.cache
C:\AD\TRABALHO\SVN\INTERFACE\INTERFACE_AD\INTERFACE_FORM\DEBUG\STDAFX.OBJ
C:\AD\TRABALHO\SVN\INTERFACE\INTERFACE_AD\INTERFACE_FORM\DEBUG\VC100.PDB
