Build started 18/06/2011 17:50:22.
     1>Project "C:\AD\Trabalho\svn\interface\interface_ad\interface_ad\interface_ad.vcxproj" on node 2 (build target(s)).
     1>InitializeBuildStatus:
         Touching "Debug\interface_ad.unsuccessfulbuild".
       GenerateTargetFrameworkMonikerAttribute:
       Skipping target "GenerateTargetFrameworkMonikerAttribute" because all output files are up-to-date with respect to the input files.
       ClCompile:
         All outputs are up-to-date.
         C:\Program Files (x86)\Microsoft Visual Studio 10.0\VC\bin\CL.exe /c /AI"C:\Program Files (x86)\Reference Assemblies\Microsoft\Framework\.NETFramework\v4.0" /Zi /clr:pure /nologo /W3 /WX- /Od /Oy- /D WIN32 /D _DEBUG /D _WINDLL /D _UNICODE /D UNICODE /EHa /MDd /GS /fp:precise /Zc:wchar_t /Zc:forScope /Yu"StdAfx.h" /Fp"Debug\interface_ad.pch" /Fo"Debug\\" /Fd"Debug\vc100.pdb" /TP /FU"C:\Program Files (x86)\Reference Assemblies\Microsoft\Framework\.NETFramework\v4.0\System.Core.dll" /FU"C:\Program Files (x86)\Reference Assemblies\Microsoft\Framework\.NETFramework\v4.0\System.Data.dll" /FU"C:\Program Files (x86)\Reference Assemblies\Microsoft\Framework\.NETFramework\v4.0\System.dll" /FU"C:\Program Files (x86)\Reference Assemblies\Microsoft\Framework\.NETFramework\v4.0\System.Drawing.dll" /FU"C:\Program Files (x86)\Reference Assemblies\Microsoft\Framework\.NETFramework\v4.0\System.Windows.Forms.dll" /FU"C:\Program Files (x86)\Reference Assemblies\Microsoft\Framework\.NETFramework\v4.0\System.Xml.dll" /analyze- /errorReport:prompt interface_adControl.cpp /clr:nostdlib 
         interface_adControl.cpp
     1>c:\ad\trabalho\svn\interface\interface_ad\interface_ad\interface_adControl.h(255): error C2958: the left parenthesis '(' found at 'c:\ad\trabalho\svn\interface\interface_ad\interface_ad\interface_adcontrol.h(253)' was not matched correctly
     1>c:\ad\trabalho\svn\interface\interface_ad\interface_ad\interface_adControl.h(238): warning C4244: 'initializing' : conversion from 'double' to 'int', possible loss of data
     1>c:\ad\trabalho\svn\interface\interface_ad\interface_ad\interface_adControl.h(239): warning C4244: 'argument' : conversion from 'time_t' to 'unsigned int', possible loss of data
     1>c:\ad\trabalho\svn\interface\interface_ad\interface_ad\interface_adControl.h(251): warning C4018: '<' : signed/unsigned mismatch
     1>c:\ad\trabalho\svn\interface\interface_ad\interface_ad\interface_adControl.h(253): error C2819: type 'std::vector<_Ty>' does not have an overloaded member 'operator ->'
                 with
                 [
                     _Ty=Cliente
                 ]
                 did you intend to use '.' instead?
     1>c:\ad\trabalho\svn\interface\interface_ad\interface_ad\interface_adControl.h(253): error C2039: 'id' : is not a member of 'std::vector<_Ty>'
                 with
                 [
                     _Ty=Cliente
                 ]
     1>c:\ad\trabalho\svn\interface\interface_ad\interface_ad\interface_adControl.h(254): error C2146: syntax error : missing ')' before identifier 'cliente_em_servico'
     1>c:\ad\trabalho\svn\interface\interface_ad\interface_ad\interface_adControl.h(254): error C2440: '=' : cannot convert from 'std::vector<_Ty>' to 'Cliente *'
                 with
                 [
                     _Ty=Cliente
                 ]
                 No user-defined-conversion operator available that can perform this conversion, or the operator cannot be called
     1>c:\ad\trabalho\svn\interface\interface_ad\interface_ad\interface_adControl.h(256): error C2228: left of '.tempo_servico' must have class/struct/union
                 type is 'Cliente *'
                 did you intend to use '->' instead?
     1>c:\ad\trabalho\svn\interface\interface_ad\interface_ad\interface_adControl.h(256): error C2228: left of '.tempo_servico' must have class/struct/union
                 type is 'Cliente *'
                 did you intend to use '->' instead?
     1>c:\ad\trabalho\svn\interface\interface_ad\interface_ad\interface_adControl.h(257): error C2228: left of '.tempo_servico' must have class/struct/union
                 type is 'Cliente *'
                 did you intend to use '->' instead?
     1>c:\ad\trabalho\svn\interface\interface_ad\interface_ad\interface_adControl.h(263): warning C4244: 'argument' : conversion from 'double' to 'int', possible loss of data
     1>c:\ad\trabalho\svn\interface\interface_ad\interface_ad\interface_adControl.h(288): warning C4244: 'argument' : conversion from 'time_t' to 'unsigned int', possible loss of data
     1>Done Building Project "C:\AD\Trabalho\svn\interface\interface_ad\interface_ad\interface_ad.vcxproj" (build target(s)) -- FAILED.

Build FAILED.

Time Elapsed 00:00:00.34
