Build started 22/06/2011 17:18:33.
     1>Project "C:\AD\Trabalho\svn\interface\interface_ad\interface_ad\interface_ad.vcxproj" on node 2 (build target(s)).
     1>InitializeBuildStatus:
         Touching "Debug\interface_ad.unsuccessfulbuild".
       GenerateTargetFrameworkMonikerAttribute:
       Skipping target "GenerateTargetFrameworkMonikerAttribute" because all output files are up-to-date with respect to the input files.
       ClCompile:
         All outputs are up-to-date.
         C:\Program Files (x86)\Microsoft Visual Studio 10.0\VC\bin\CL.exe /c /AI"C:\Program Files (x86)\Reference Assemblies\Microsoft\Framework\.NETFramework\v4.0" /Zi /clr:pure /nologo /W3 /WX- /Od /Oy- /D WIN32 /D _DEBUG /D _WINDLL /D _UNICODE /D UNICODE /EHa /MDd /GS /fp:precise /Zc:wchar_t /Zc:forScope /Yu"StdAfx.h" /Fp"Debug\interface_ad.pch" /Fo"Debug\\" /Fd"Debug\vc100.pdb" /TP /FU"C:\Program Files (x86)\Reference Assemblies\Microsoft\Framework\.NETFramework\v4.0\System.Core.dll" /FU"C:\Program Files (x86)\Reference Assemblies\Microsoft\Framework\.NETFramework\v4.0\System.Data.dll" /FU"C:\Program Files (x86)\Reference Assemblies\Microsoft\Framework\.NETFramework\v4.0\System.dll" /FU"C:\Program Files (x86)\Reference Assemblies\Microsoft\Framework\.NETFramework\v4.0\System.Drawing.dll" /FU"C:\Program Files (x86)\Reference Assemblies\Microsoft\Framework\.NETFramework\v4.0\System.Windows.Forms.dll" /FU"C:\Program Files (x86)\Reference Assemblies\Microsoft\Framework\.NETFramework\v4.0\System.Xml.dll" /analyze- /errorReport:prompt interface_adControl.cpp /clr:nostdlib 
         interface_adControl.cpp
     1>c:\ad\trabalho\svn\interface\interface_ad\interface_ad\interface_adControl.h(39): warning C4244: '=' : conversion from 'double' to 'int', possible loss of data
     1>c:\ad\trabalho\svn\interface\interface_ad\interface_ad\interface_adControl.h(40): warning C4244: '=' : conversion from 'double' to 'int', possible loss of data
     1>c:\ad\trabalho\svn\interface\interface_ad\interface_ad\interface_adControl.h(297): warning C4244: 'argument' : conversion from 'time_t' to 'unsigned int', possible loss of data
     1>c:\ad\trabalho\svn\interface\interface_ad\interface_ad\interface_adControl.h(336): warning C4244: 'argument' : conversion from 'double' to 'int', possible loss of data
     1>c:\ad\trabalho\svn\interface\interface_ad\interface_ad\interface_adControl.h(354): warning C4244: 'argument' : conversion from 'double' to 'int', possible loss of data
     1>c:\ad\trabalho\svn\interface\interface_ad\interface_ad\interface_adControl.h(377): warning C4244: 'argument' : conversion from 'double' to 'int', possible loss of data
     1>c:\ad\trabalho\svn\interface\interface_ad\interface_ad\interface_adControl.h(397): warning C4244: 'argument' : conversion from 'double' to 'int', possible loss of data
     1>c:\ad\trabalho\svn\interface\interface_ad\interface_ad\interface_adControl.h(412): warning C4244: 'argument' : conversion from 'double' to 'int', possible loss of data
     1>c:\ad\trabalho\svn\interface\interface_ad\interface_ad\interface_adControl.h(429): warning C4244: 'argument' : conversion from 'time_t' to 'unsigned int', possible loss of data
         All outputs are up-to-date.
       CoreResGen:
         All outputs are up-to-date.
       ResourceCompile:
         All outputs are up-to-date.
       Link:
         C:\Program Files (x86)\Microsoft Visual Studio 10.0\VC\bin\link.exe /ERRORREPORT:PROMPT /OUT:"C:\AD\Trabalho\svn\interface\interface_ad\Debug\interface_ad.dll" /INCREMENTAL /NOLOGO /ASSEMBLYRESOURCE:Debug\interface_ad.interface_adControl.resources /MANIFEST /ManifestFile:"Debug\interface_ad.dll.intermediate.manifest" /MANIFESTUAC:"level='asInvoker' uiAccess='false'" /DEBUG /PDB:"C:\AD\Trabalho\svn\interface\interface_ad\Debug\interface_ad.pdb" /ASSEMBLYDEBUG /TLBID:1 /DYNAMICBASE /FIXED:NO /NXCOMPAT /MACHINE:X86 /DLL Debug\app.res
         Debug\AssemblyInfo.obj
         Debug\GeradorNumerosAleatorios.obj
         Debug\interface_adControl.obj
         Debug\stdafx.obj
         "Debug\.NETFramework,Version=v4.0.AssemblyAttributes.obj"
         interface_ad.vcxproj -> C:\AD\Trabalho\svn\interface\interface_ad\Debug\interface_ad.dll
       Manifest:
         C:\Program Files (x86)\Microsoft SDKs\Windows\v7.0A\bin\mt.exe /nologo /verbose /outputresource:"C:\AD\Trabalho\svn\interface\interface_ad\Debug\interface_ad.dll;#2" /manifest Debug\interface_ad.dll.intermediate.manifest
       FinalizeBuildStatus:
         Deleting file "Debug\interface_ad.unsuccessfulbuild".
         Touching "Debug\interface_ad.lastbuildstate".
     1>Done Building Project "C:\AD\Trabalho\svn\interface\interface_ad\interface_ad\interface_ad.vcxproj" (build target(s)).

Build succeeded.

Time Elapsed 00:00:02.84
